<?xml version="1.0" encoding="UTF-8"?>
<!-- Generated by org.testng.reporters.JUnitReportReporter -->
<testsuite hostname="SHIVA" failures="0" tests="2" name="Testpakage.LoginpageTestclass" time="0.058" errors="0" timestamp="2023-03-21T19:06:00 IST" skipped="0">
  <testcase classname="Testpakage.LoginpageTestclass" name="test" time="0.018"/>
  <system-out/>
  <testcase classname="Testpakage.LoginpageTestclass" name="test" time="0.040"/>
  <system-out/>
</testsuite> <!-- Testpakage.LoginpageTestclass -->
